2026-04-06 14:07:10,622 [INFO] Démarrage du pipeline...
2026-04-06 14:07:10,634 [INFO] Extraction des nouvelles commandes...
2026-04-06 14:07:10,636 [INFO] 3 commandes récupérées
2026-04-06 14:07:10,636 [INFO] Validation des données...
2026-04-06 14:07:10,637 [INFO] Validation OK
2026-04-06 14:07:10,638 [INFO] Connexion à Snowflake...
2026-04-06 14:07:10,638 [INFO] Snowflake Connector for Python Version: 4.3.0, Python Version: 3.12.7, Platform: Windows-11-10.0.26200-SP0
2026-04-06 14:07:10,638 [INFO] Connecting to GLOBAL Snowflake domain
2026-04-06 14:07:16,241 [INFO] 3 commandes chargées dans RAW_ORDERS_STAGING
2026-04-06 14:07:16,242 [INFO] [2026-04-06 14:07:16.242131] Pipeline terminé avec succès !
2026-04-06 14:09:27,138 [INFO] Démarrage du pipeline...
2026-04-06 14:09:27,138 [INFO] Extraction des nouvelles commandes...
2026-04-06 14:09:27,140 [INFO] 3 commandes récupérées
2026-04-06 14:09:27,140 [INFO] Validation des données...
2026-04-06 14:09:27,141 [INFO] Validation OK
2026-04-06 14:09:27,141 [INFO] Connexion à Snowflake...
2026-04-06 14:09:27,142 [INFO] Snowflake Connector for Python Version: 4.3.0, Python Version: 3.12.7, Platform: Windows-11-10.0.26200-SP0
2026-04-06 14:09:27,142 [INFO] Connecting to GLOBAL Snowflake domain
2026-04-06 14:09:31,795 [INFO] 3 commandes chargées dans RAW_ORDERS_STAGING
2026-04-06 14:09:31,796 [INFO] [2026-04-06 14:09:31.796267] Pipeline terminé avec succès !
2026-04-06 14:13:00,060 [INFO] Démarrage du pipeline...
2026-04-06 14:13:00,060 [INFO] Extraction des nouvelles commandes...
2026-04-06 14:13:00,062 [INFO] 3 commandes récupérées
2026-04-06 14:13:00,062 [INFO] Validation des données...
2026-04-06 14:13:00,063 [INFO] Validation OK
2026-04-06 14:13:00,063 [INFO] Connexion à Snowflake...
2026-04-06 14:13:00,064 [INFO] Snowflake Connector for Python Version: 4.3.0, Python Version: 3.12.7, Platform: Windows-11-10.0.26200-SP0
2026-04-06 14:13:00,064 [INFO] Connecting to GLOBAL Snowflake domain
2026-04-06 14:13:05,067 [INFO] 3 commandes chargées dans RAW_ORDERS_STAGING
2026-04-06 14:13:05,068 [INFO] [2026-04-06 14:13:05.068200] Pipeline terminé avec succès !
