[0m10:17:29.959947 [debug] [MainThread]: Sending event: {'category': 'dbt', 'action': 'invocation', 'label': 'start', 'context': [<snowplow_tracker.self_describing_json.SelfDescribingJson object at 0x00000242E542A2D0>, <snowplow_tracker.self_describing_json.SelfDescribingJson object at 0x00000242E4F80680>, <snowplow_tracker.self_describing_json.SelfDescribingJson object at 0x00000242E5741BB0>]}


============================== 10:17:29.983961 | 823cc9d4-e77f-46b7-b61e-ef89a9bd444a ==============================
[0m10:17:29.983961 [info ] [MainThread]: Running with dbt=1.11.7
[0m10:17:29.985946 [debug] [MainThread]: running dbt with arguments {'static_parser': 'True', 'no_print': 'None', 'version_check': 'True', 'warn_error_options': 'WarnErrorOptionsV2(error=[], warn=[], silence=[])', 'target_path': 'None', 'printer_width': '80', 'write_json': 'True', 'empty': 'None', 'log_cache_events': 'False', 'introspect': 'True', 'cache_selected_only': 'False', 'log_format': 'default', 'debug': 'False', 'fail_fast': 'False', 'partial_parse': 'True', 'send_anonymous_usage_stats': 'True', 'quiet': 'False', 'warn_error': 'None', 'profiles_dir': 'C:\\Users\\shakk\\.dbt', 'indirect_selection': 'eager', 'invocation_command': 'dbt init shopmetrics', 'use_colors': 'True', 'use_experimental_parser': 'False', 'log_path': 'logs'}
[0m10:17:30.065414 [info ] [MainThread]: Creating dbt configuration folder at C:\Users\shakk\.dbt
[0m10:17:30.074412 [debug] [MainThread]: Starter project path: C:\projets\shopmetrics\venv\Lib\site-packages\dbt\include\starter_project
[0m10:17:30.185816 [info ] [MainThread]: 
Your new dbt project "shopmetrics" was created!

For more information on how to configure the profiles.yml file,
please consult the dbt documentation here:

  https://docs.getdbt.com/docs/configure-your-profile

One more thing:

Need help? Don't hesitate to reach out to us via GitHub issues or on Slack:

  https://community.getdbt.com/

Happy modeling!

[0m10:17:30.187824 [info ] [MainThread]: Setting up your profile.
[0m10:19:09.320803 [debug] [MainThread]: Snowflake adapter: Setting snowflake.connector to ERROR (file logging only)
[0m10:19:09.321799 [debug] [MainThread]: Snowflake adapter: Setting botocore to ERROR (file logging only)
[0m10:19:09.321799 [debug] [MainThread]: Snowflake adapter: Setting boto3 to ERROR (file logging only)
[0m10:20:49.280422 [info ] [MainThread]: Profile shopmetrics written to C:\Users\shakk\.dbt\profiles.yml using target's profile_template.yml and your supplied values. Run 'dbt debug' to validate the connection.
[0m10:20:49.286730 [debug] [MainThread]: Command `dbt init` succeeded at 10:20:49.285717 after 199.75 seconds
[0m10:20:49.286730 [debug] [MainThread]: Sending event: {'category': 'dbt', 'action': 'invocation', 'label': 'end', 'context': [<snowplow_tracker.self_describing_json.SelfDescribingJson object at 0x00000242E4F80680>, <snowplow_tracker.self_describing_json.SelfDescribingJson object at 0x00000242E812C980>, <snowplow_tracker.self_describing_json.SelfDescribingJson object at 0x00000242E7CF9F40>]}
[0m10:20:49.287829 [debug] [MainThread]: Flushing usage events
[0m10:20:50.306721 [debug] [MainThread]: An error was encountered while trying to flush usage events
